2025-05-04 21:48:24 - INFO - Application started
2025-05-04 21:48:24 - INFO - check_table() called
2025-05-04 21:48:24 - INFO - check_table() called
2025-05-04 21:48:24 - INFO - Caller stack trace:
  File "/Users/angeloagravante/Documents/Gate Project/gitrepository/InnoverSolutions_gate/main.py", line 242, in <module>
    check_db()  # Check and initialize the database
  File "/Users/angeloagravante/Documents/Gate Project/gitrepository/InnoverSolutions_gate/main.py", line 147, in check_db
    db.initialize_database()
  File "/Users/angeloagravante/Documents/Gate Project/gitrepository/InnoverSolutions_gate/scripts/database.py", line 34, in initialize_database
    check_table()
  File "/Users/angeloagravante/Documents/Gate Project/gitrepository/InnoverSolutions_gate/scripts/database.py", line 49, in check_table
    log.log_info("Caller stack trace:\n" + "".join(traceback.format_stack()))

2025-05-04 21:48:24 - INFO - Caller stack trace:
  File "/Users/angeloagravante/Documents/Gate Project/gitrepository/InnoverSolutions_gate/main.py", line 242, in <module>
    check_db()  # Check and initialize the database
  File "/Users/angeloagravante/Documents/Gate Project/gitrepository/InnoverSolutions_gate/main.py", line 147, in check_db
    db.initialize_database()
  File "/Users/angeloagravante/Documents/Gate Project/gitrepository/InnoverSolutions_gate/scripts/database.py", line 34, in initialize_database
    check_table()
  File "/Users/angeloagravante/Documents/Gate Project/gitrepository/InnoverSolutions_gate/scripts/database.py", line 49, in check_table
    log.log_info("Caller stack trace:\n" + "".join(traceback.format_stack()))

2025-05-04 21:48:24 - INFO - check_table() called
2025-05-04 21:48:24 - INFO - check_table() called
2025-05-04 21:48:24 - INFO - check_table() called
2025-05-04 21:48:24 - INFO - Caller stack trace:
  File "/Users/angeloagravante/Documents/Gate Project/gitrepository/InnoverSolutions_gate/main.py", line 242, in <module>
    check_db()  # Check and initialize the database
  File "/Users/angeloagravante/Documents/Gate Project/gitrepository/InnoverSolutions_gate/main.py", line 148, in check_db
    db.check_table()
  File "/Users/angeloagravante/Documents/Gate Project/gitrepository/InnoverSolutions_gate/scripts/database.py", line 49, in check_table
    log.log_info("Caller stack trace:\n" + "".join(traceback.format_stack()))

2025-05-04 21:48:24 - INFO - Caller stack trace:
  File "/Users/angeloagravante/Documents/Gate Project/gitrepository/InnoverSolutions_gate/main.py", line 242, in <module>
    check_db()  # Check and initialize the database
  File "/Users/angeloagravante/Documents/Gate Project/gitrepository/InnoverSolutions_gate/main.py", line 148, in check_db
    db.check_table()
  File "/Users/angeloagravante/Documents/Gate Project/gitrepository/InnoverSolutions_gate/scripts/database.py", line 49, in check_table
    log.log_info("Caller stack trace:\n" + "".join(traceback.format_stack()))

2025-05-04 21:48:24 - INFO - Caller stack trace:
  File "/Users/angeloagravante/Documents/Gate Project/gitrepository/InnoverSolutions_gate/main.py", line 242, in <module>
    check_db()  # Check and initialize the database
  File "/Users/angeloagravante/Documents/Gate Project/gitrepository/InnoverSolutions_gate/main.py", line 148, in check_db
    db.check_table()
  File "/Users/angeloagravante/Documents/Gate Project/gitrepository/InnoverSolutions_gate/scripts/database.py", line 49, in check_table
    log.log_info("Caller stack trace:\n" + "".join(traceback.format_stack()))

2025-05-04 21:53:03 - INFO - Application started
2025-05-04 21:54:12 - INFO - Loading GIF path: /Users/angeloagravante/Documents/Gate Project/gitrepository/InnoverSolutions_gate/images/load.gif
